[GIN-debug] [WARNING] Running in "debug" mode. Switch to "release" mode in production.
 - using env:	export GIN_MODE=release
 - using code:	gin.SetMode(gin.ReleaseMode)

[GIN-debug] GET    /shipping/api/swagger/*any --> github.com/swaggo/gin-swagger.CustomWrapHandler.func1 (3 handlers)
[GIN-debug] GET    /shipping/api/            --> qwik.in/shipping/app/handlers.HealthCheck (3 handlers)
[GIN-debug] [WARNING] You trusted all proxies, this is NOT safe. We recommend you to set a value.
Please check https://pkg.go.dev/github.com/gin-gonic/gin#readme-don-t-trust-all-proxies for details.
[GIN-debug] Listening and serving HTTP on :9003
GET - [200] ::1 HTTP/1.1 PostmanRuntime/7.29.0 /shipping/api/ 2022-04-15T16:31:24+05:30 0s 
GET - [404] ::1 HTTP/1.1 Mozilla/5.0 (Windows NT 10.0; Win64; x64) AppleWebKit/537.36 (KHTML, like Gecko) Chrome/100.0.4896.88 Safari/537.36 /swagger/index.html 2022-04-15T16:31:45+05:30 0s 
GET - [404] ::1 HTTP/1.1 Mozilla/5.0 (Windows NT 10.0; Win64; x64) AppleWebKit/537.36 (KHTML, like Gecko) Chrome/100.0.4896.88 Safari/537.36 /favicon.ico 2022-04-15T16:31:45+05:30 0s 
GET - [404] ::1 HTTP/1.1 Mozilla/5.0 (Windows NT 10.0; Win64; x64) AppleWebKit/537.36 (KHTML, like Gecko) Chrome/100.0.4896.88 Safari/537.36 /swagger/ 2022-04-15T16:31:59+05:30 0s 
GET - [404] ::1 HTTP/1.1 Mozilla/5.0 (Windows NT 10.0; Win64; x64) AppleWebKit/537.36 (KHTML, like Gecko) Chrome/100.0.4896.88 Safari/537.36 /shipping/api. 2022-04-15T16:32:22+05:30 0s 
GET - [404] ::1 HTTP/1.1 Mozilla/5.0 (Windows NT 10.0; Win64; x64) AppleWebKit/537.36 (KHTML, like Gecko) Chrome/100.0.4896.88 Safari/537.36 /shipping/api. 2022-04-15T16:32:25+05:30 0s 
GET - [200] ::1 HTTP/1.1 Mozilla/5.0 (Windows NT 10.0; Win64; x64) AppleWebKit/537.36 (KHTML, like Gecko) Chrome/100.0.4896.88 Safari/537.36 /shipping/api/ 2022-04-15T16:32:27+05:30 0s 
GET - [404] ::1 HTTP/1.1 Mozilla/5.0 (Windows NT 10.0; Win64; x64) AppleWebKit/537.36 (KHTML, like Gecko) Chrome/100.0.4896.88 Safari/537.36 /shipping/api/swagger/ 2022-04-15T16:32:40+05:30 689.2µs 
GET - [404] ::1 HTTP/1.1 Mozilla/5.0 (Windows NT 10.0; Win64; x64) AppleWebKit/537.36 (KHTML, like Gecko) Chrome/100.0.4896.88 Safari/537.36 /swagger/ 2022-04-15T16:32:45+05:30 0s 
[GIN-debug] [WARNING] Running in "debug" mode. Switch to "release" mode in production.
 - using env:	export GIN_MODE=release
 - using code:	gin.SetMode(gin.ReleaseMode)

[GIN-debug] GET    /shipping/api/swagger/*any --> github.com/swaggo/gin-swagger.CustomWrapHandler.func1 (3 handlers)
[GIN-debug] GET    /shipping/api/            --> qwik.in/shipping/app/handlers.HealthCheck (3 handlers)
[GIN-debug] [WARNING] You trusted all proxies, this is NOT safe. We recommend you to set a value.
Please check https://pkg.go.dev/github.com/gin-gonic/gin#readme-don-t-trust-all-proxies for details.
[GIN-debug] Listening and serving HTTP on :9003
GET - [404] ::1 HTTP/1.1 Mozilla/5.0 (Windows NT 10.0; Win64; x64) AppleWebKit/537.36 (KHTML, like Gecko) Chrome/100.0.4896.88 Safari/537.36 / 2022-04-15T16:33:34+05:30 0s 
GET - [404] ::1 HTTP/1.1 Mozilla/5.0 (Windows NT 10.0; Win64; x64) AppleWebKit/537.36 (KHTML, like Gecko) Chrome/100.0.4896.88 Safari/537.36 / 2022-04-15T16:33:34+05:30 0s 
GET - [404] ::1 HTTP/1.1 Mozilla/5.0 (Windows NT 10.0; Win64; x64) AppleWebKit/537.36 (KHTML, like Gecko) Chrome/100.0.4896.88 Safari/537.36 / 2022-04-15T16:33:41+05:30 0s 
GET - [404] ::1 HTTP/1.1 Mozilla/5.0 (Windows NT 10.0; Win64; x64) AppleWebKit/537.36 (KHTML, like Gecko) Chrome/100.0.4896.88 Safari/537.36 / 2022-04-15T16:33:43+05:30 0s 
GET - [200] ::1 HTTP/1.1 Mozilla/5.0 (Windows NT 10.0; Win64; x64) AppleWebKit/537.36 (KHTML, like Gecko) Chrome/100.0.4896.88 Safari/537.36 /shipping/api/ 2022-04-15T16:33:49+05:30 158.5µs 
GET - [404] ::1 HTTP/1.1 Mozilla/5.0 (Windows NT 10.0; Win64; x64) AppleWebKit/537.36 (KHTML, like Gecko) Chrome/100.0.4896.88 Safari/537.36 /shipping/api/swagger/*any 2022-04-15T16:33:55+05:30 577.5µs 
GET - [404] ::1 HTTP/1.1 Mozilla/5.0 (Windows NT 10.0; Win64; x64) AppleWebKit/537.36 (KHTML, like Gecko) Chrome/100.0.4896.88 Safari/537.36 /shipping/api/swagger/ 2022-04-15T16:33:57+05:30 0s 
GET - [404] ::1 HTTP/1.1 Mozilla/5.0 (Windows NT 10.0; Win64; x64) AppleWebKit/537.36 (KHTML, like Gecko) Chrome/100.0.4896.88 Safari/537.36 /shipping/api/swagger/ 2022-04-15T16:33:59+05:30 0s 
[GIN-debug] [WARNING] Running in "debug" mode. Switch to "release" mode in production.
 - using env:	export GIN_MODE=release
 - using code:	gin.SetMode(gin.ReleaseMode)

[GIN-debug] GET    /shipping/api/swagger/*any --> github.com/swaggo/gin-swagger.CustomWrapHandler.func1 (3 handlers)
[GIN-debug] GET    /shipping/api/            --> qwik.in/shipping/app/handlers.HealthCheck (3 handlers)
[GIN-debug] [WARNING] You trusted all proxies, this is NOT safe. We recommend you to set a value.
Please check https://pkg.go.dev/github.com/gin-gonic/gin#readme-don-t-trust-all-proxies for details.
[GIN-debug] Listening and serving HTTP on :9003
GET - [200] ::1 HTTP/1.1 PostmanRuntime/7.29.0 /shipping/api/ 2022-04-15T17:14:35+05:30 506.3µs 
[GIN-debug] [WARNING] Running in "debug" mode. Switch to "release" mode in production.
 - using env:	export GIN_MODE=release
 - using code:	gin.SetMode(gin.ReleaseMode)

[GIN-debug] GET    /shipping/api/swagger/*any --> github.com/swaggo/gin-swagger.CustomWrapHandler.func1 (3 handlers)
[GIN-debug] GET    /shipping/api/            --> qwik.in/shipping/app/handlers.HealthCheck (3 handlers)
[GIN-debug] [WARNING] You trusted all proxies, this is NOT safe. We recommend you to set a value.
Please check https://pkg.go.dev/github.com/gin-gonic/gin#readme-don-t-trust-all-proxies for details.
[GIN-debug] Listening and serving HTTP on :9003
[GIN-debug] [WARNING] Running in "debug" mode. Switch to "release" mode in production.
 - using env:	export GIN_MODE=release
 - using code:	gin.SetMode(gin.ReleaseMode)

[GIN-debug] GET    /shipping/api/swagger/*any --> github.com/swaggo/gin-swagger.CustomWrapHandler.func1 (3 handlers)
[GIN-debug] GET    /shipping/api/            --> qwik.in/shipping/app/handlers.HealthCheckHandler.HealthCheck-fm (3 handlers)
[GIN-debug] [WARNING] You trusted all proxies, this is NOT safe. We recommend you to set a value.
Please check https://pkg.go.dev/github.com/gin-gonic/gin#readme-don-t-trust-all-proxies for details.
[GIN-debug] Listening and serving HTTP on :9003
GET - [500] ::1 HTTP/1.1 PostmanRuntime/7.29.0 /shipping/api/ 2022-04-16T07:50:21+05:30 4.7926ms 
GET - [404] ::1 HTTP/1.1 PostmanRuntime/7.29.0 / 2022-04-16T07:50:40+05:30 0s 
GET - [404] ::1 HTTP/1.1 PostmanRuntime/7.29.0 / 2022-04-16T07:50:42+05:30 0s 
[GIN-debug] [WARNING] Running in "debug" mode. Switch to "release" mode in production.
 - using env:	export GIN_MODE=release
 - using code:	gin.SetMode(gin.ReleaseMode)

[GIN-debug] GET    /shipping/api/swagger/*any --> github.com/swaggo/gin-swagger.CustomWrapHandler.func1 (3 handlers)
[GIN-debug] GET    /shipping/api/            --> qwik.in/shipping/app/handlers.HealthCheckHandler.HealthCheck-fm (3 handlers)
[GIN-debug] [WARNING] You trusted all proxies, this is NOT safe. We recommend you to set a value.
Please check https://pkg.go.dev/github.com/gin-gonic/gin#readme-don-t-trust-all-proxies for details.
[GIN-debug] Listening and serving HTTP on :9003
GET - [404] ::1 HTTP/1.1 PostmanRuntime/7.29.0 / 2022-04-16T07:54:02+05:30 0s 
GET - [500] ::1 HTTP/1.1 PostmanRuntime/7.29.0 /shipping/api/ 2022-04-16T07:54:08+05:30 4.9994ms 
[GIN-debug] [WARNING] Running in "debug" mode. Switch to "release" mode in production.
 - using env:	export GIN_MODE=release
 - using code:	gin.SetMode(gin.ReleaseMode)

[GIN-debug] GET    /shipping/api/swagger/*any --> github.com/swaggo/gin-swagger.CustomWrapHandler.func1 (3 handlers)
[GIN-debug] GET    /shipping/api/            --> qwik.in/shipping/app/handlers.HealthCheckHandler.HealthCheck-fm (3 handlers)
[GIN-debug] [WARNING] You trusted all proxies, this is NOT safe. We recommend you to set a value.
Please check https://pkg.go.dev/github.com/gin-gonic/gin#readme-don-t-trust-all-proxies for details.
[GIN-debug] Listening and serving HTTP on :9003
GET - [500] ::1 HTTP/1.1 PostmanRuntime/7.29.0 /shipping/api/ 2022-04-16T07:56:59+05:30 5.5001ms 
[GIN-debug] [WARNING] Running in "debug" mode. Switch to "release" mode in production.
 - using env:	export GIN_MODE=release
 - using code:	gin.SetMode(gin.ReleaseMode)

[GIN-debug] GET    /shipping/api/swagger/*any --> github.com/swaggo/gin-swagger.CustomWrapHandler.func1 (3 handlers)
[GIN-debug] GET    /shipping/api/            --> qwik.in/shipping/app/handlers.HealthCheckHandler.HealthCheck-fm (3 handlers)
[GIN-debug] [WARNING] You trusted all proxies, this is NOT safe. We recommend you to set a value.
Please check https://pkg.go.dev/github.com/gin-gonic/gin#readme-don-t-trust-all-proxies for details.
[GIN-debug] Listening and serving HTTP on :9003
GET - [500] ::1 HTTP/1.1 PostmanRuntime/7.29.0 /shipping/api/ 2022-04-16T08:02:14+05:30 5.0921ms 
[GIN-debug] [WARNING] Running in "debug" mode. Switch to "release" mode in production.
 - using env:	export GIN_MODE=release
 - using code:	gin.SetMode(gin.ReleaseMode)

[GIN-debug] GET    /shipping/api/swagger/*any --> github.com/swaggo/gin-swagger.CustomWrapHandler.func1 (3 handlers)
[GIN-debug] GET    /shipping/api/            --> qwik.in/shipping/app/handlers.HealthCheckHandler.HealthCheck-fm (3 handlers)
[GIN-debug] [WARNING] You trusted all proxies, this is NOT safe. We recommend you to set a value.
Please check https://pkg.go.dev/github.com/gin-gonic/gin#readme-don-t-trust-all-proxies for details.
[GIN-debug] Listening and serving HTTP on :9003
[GIN-debug] [WARNING] Running in "debug" mode. Switch to "release" mode in production.
 - using env:	export GIN_MODE=release
 - using code:	gin.SetMode(gin.ReleaseMode)

[GIN-debug] GET    /shipping/api/swagger/*any --> github.com/swaggo/gin-swagger.CustomWrapHandler.func1 (3 handlers)
[GIN-debug] GET    /shipping/api/            --> qwik.in/shipping/app/handlers.HealthCheckHandler.HealthCheck-fm (3 handlers)
[GIN-debug] [WARNING] You trusted all proxies, this is NOT safe. We recommend you to set a value.
Please check https://pkg.go.dev/github.com/gin-gonic/gin#readme-don-t-trust-all-proxies for details.
[GIN-debug] Listening and serving HTTP on :9003
[GIN-debug] [WARNING] Running in "debug" mode. Switch to "release" mode in production.
 - using env:	export GIN_MODE=release
 - using code:	gin.SetMode(gin.ReleaseMode)

[GIN-debug] GET    /shipping/api/swagger/*any --> github.com/swaggo/gin-swagger.CustomWrapHandler.func1 (3 handlers)
[GIN-debug] GET    /shipping/api/            --> qwik.in/shipping/app/handlers.HealthCheckHandler.HealthCheck-fm (3 handlers)
[GIN-debug] [WARNING] You trusted all proxies, this is NOT safe. We recommend you to set a value.
Please check https://pkg.go.dev/github.com/gin-gonic/gin#readme-don-t-trust-all-proxies for details.
[GIN-debug] Listening and serving HTTP on :9003
[GIN-debug] [WARNING] Running in "debug" mode. Switch to "release" mode in production.
 - using env:	export GIN_MODE=release
 - using code:	gin.SetMode(gin.ReleaseMode)

[GIN-debug] GET    /shipping/api/swagger/*any --> github.com/swaggo/gin-swagger.CustomWrapHandler.func1 (3 handlers)
[GIN-debug] GET    /shipping/api/            --> qwik.in/shipping/app/handlers.HealthCheckHandler.HealthCheck-fm (3 handlers)
[GIN-debug] [WARNING] You trusted all proxies, this is NOT safe. We recommend you to set a value.
Please check https://pkg.go.dev/github.com/gin-gonic/gin#readme-don-t-trust-all-proxies for details.
[GIN-debug] Listening and serving HTTP on :9003
[GIN-debug] [WARNING] Running in "debug" mode. Switch to "release" mode in production.
 - using env:	export GIN_MODE=release
 - using code:	gin.SetMode(gin.ReleaseMode)

[GIN-debug] GET    /shipping/api/swagger/*any --> github.com/swaggo/gin-swagger.CustomWrapHandler.func1 (3 handlers)
[GIN-debug] GET    /shipping/api/            --> qwik.in/shipping/app/handlers.HealthCheckHandler.HealthCheck-fm (3 handlers)
[GIN-debug] [WARNING] You trusted all proxies, this is NOT safe. We recommend you to set a value.
Please check https://pkg.go.dev/github.com/gin-gonic/gin#readme-don-t-trust-all-proxies for details.
[GIN-debug] Listening and serving HTTP on :9003
GET - [500] ::1 HTTP/1.1 PostmanRuntime/7.29.0 /shipping/api/ 2022-04-16T08:06:52+05:30 5.4663ms 
[GIN-debug] [WARNING] Running in "debug" mode. Switch to "release" mode in production.
 - using env:	export GIN_MODE=release
 - using code:	gin.SetMode(gin.ReleaseMode)

[GIN-debug] GET    /shipping/api/swagger/*any --> github.com/swaggo/gin-swagger.CustomWrapHandler.func1 (3 handlers)
[GIN-debug] GET    /shipping/api/            --> qwik.in/shipping/app/handlers.HealthCheckHandler.HealthCheck-fm (3 handlers)
[GIN-debug] [WARNING] You trusted all proxies, this is NOT safe. We recommend you to set a value.
Please check https://pkg.go.dev/github.com/gin-gonic/gin#readme-don-t-trust-all-proxies for details.
[GIN-debug] Listening and serving HTTP on :9003
GET - [500] ::1 HTTP/1.1 PostmanRuntime/7.29.0 /shipping/api/ 2022-04-16T08:11:48+05:30 4.8103ms 
[GIN-debug] [WARNING] Running in "debug" mode. Switch to "release" mode in production.
 - using env:	export GIN_MODE=release
 - using code:	gin.SetMode(gin.ReleaseMode)

[GIN-debug] GET    /shipping/api/swagger/*any --> github.com/swaggo/gin-swagger.CustomWrapHandler.func1 (3 handlers)
[GIN-debug] GET    /shipping/api/            --> qwik.in/shipping/app/handlers.HealthCheckHandler.HealthCheck-fm (3 handlers)
[GIN-debug] [WARNING] You trusted all proxies, this is NOT safe. We recommend you to set a value.
Please check https://pkg.go.dev/github.com/gin-gonic/gin#readme-don-t-trust-all-proxies for details.
[GIN-debug] Listening and serving HTTP on :9003
GET - [500] ::1 HTTP/1.1 PostmanRuntime/7.29.0 /shipping/api/ 2022-04-16T08:13:19+05:30 6.3218ms 
GET - [500] ::1 HTTP/1.1 PostmanRuntime/7.29.0 /shipping/api/ 2022-04-16T08:13:21+05:30 4.658ms 
GET - [500] ::1 HTTP/1.1 PostmanRuntime/7.29.0 /shipping/api/ 2022-04-16T08:13:21+05:30 5.1862ms 
GET - [500] ::1 HTTP/1.1 PostmanRuntime/7.29.0 /shipping/api/ 2022-04-16T08:13:22+05:30 6.6414ms 
[GIN-debug] [WARNING] Running in "debug" mode. Switch to "release" mode in production.
 - using env:	export GIN_MODE=release
 - using code:	gin.SetMode(gin.ReleaseMode)

[GIN-debug] GET    /shipping/api/swagger/*any --> github.com/swaggo/gin-swagger.CustomWrapHandler.func1 (3 handlers)
[GIN-debug] GET    /shipping/api/            --> qwik.in/shipping/app/handlers.HealthCheckHandler.HealthCheck-fm (3 handlers)
[GIN-debug] [WARNING] You trusted all proxies, this is NOT safe. We recommend you to set a value.
Please check https://pkg.go.dev/github.com/gin-gonic/gin#readme-don-t-trust-all-proxies for details.
[GIN-debug] Listening and serving HTTP on :9003
GET - [500] ::1 HTTP/1.1 PostmanRuntime/7.29.0 /shipping/api/ 2022-04-16T08:17:02+05:30 5.1495ms 
[GIN-debug] [WARNING] Running in "debug" mode. Switch to "release" mode in production.
 - using env:	export GIN_MODE=release
 - using code:	gin.SetMode(gin.ReleaseMode)

[GIN-debug] GET    /shipping/api/swagger/*any --> github.com/swaggo/gin-swagger.CustomWrapHandler.func1 (3 handlers)
[GIN-debug] GET    /shipping/api/            --> qwik.in/shipping/app/handlers.HealthCheckHandler.HealthCheck-fm (3 handlers)
[GIN-debug] [WARNING] You trusted all proxies, this is NOT safe. We recommend you to set a value.
Please check https://pkg.go.dev/github.com/gin-gonic/gin#readme-don-t-trust-all-proxies for details.
[GIN-debug] Listening and serving HTTP on :9003
GET - [200] ::1 HTTP/1.1 PostmanRuntime/7.29.0 /shipping/api/ 2022-04-16T08:21:13+05:30 326.761ms 
