[GIN-debug] [WARNING] Running in "debug" mode. Switch to "release" mode in production.
 - using env:	export GIN_MODE=release
 - using code:	gin.SetMode(gin.ReleaseMode)

[GIN-debug] GET    /customer-admin/api/      --> qwik.in/customers-admin/app/handlers.HealthCheck (3 handlers)
[GIN-debug] POST   /customer-admin/api/customer --> qwik.in/customers-admin/app/handlers.CreateCustomer (3 handlers)
[GIN-debug] GET    /customer-admin/api/customer/:customerId --> qwik.in/customers-admin/app/handlers.GetCustomerById (3 handlers)
[GIN-debug] GET    /customer-admin/api/customer/email/:customerEmail --> qwik.in/customers-admin/app/handlers.GetCustomerByEmail (3 handlers)
[GIN-debug] PUT    /customer-admin/api/customer/:customerId --> qwik.in/customers-admin/app/handlers.UpdateCustomer (3 handlers)
[GIN-debug] DELETE /customer-admin/api/customer/:customerId --> qwik.in/customers-admin/app/handlers.DeleteCustomer (3 handlers)
[GIN-debug] GET    /customer-admin/api/user  --> qwik.in/customers-admin/app/handlers.GetAdminUsers (3 handlers)
[GIN-debug] [WARNING] You trusted all proxies, this is NOT safe. We recommend you to set a value.
Please check https://pkg.go.dev/github.com/gin-gonic/gin#readme-don-t-trust-all-proxies for details.
[GIN-debug] Listening and serving HTTP on :7000
POST - [500] ::1 HTTP/1.1 PostmanRuntime/7.29.0 /customer-admin/api/customer 2022-04-15T00:12:08+05:30 6.46ms 
[GIN-debug] [WARNING] Running in "debug" mode. Switch to "release" mode in production.
 - using env:	export GIN_MODE=release
 - using code:	gin.SetMode(gin.ReleaseMode)

[GIN-debug] GET    /customer-admin/api/      --> qwik.in/customers-admin/app/handlers.HealthCheck (3 handlers)
[GIN-debug] POST   /customer-admin/api/customer --> qwik.in/customers-admin/app/handlers.CreateCustomer (3 handlers)
[GIN-debug] GET    /customer-admin/api/customer/:customerId --> qwik.in/customers-admin/app/handlers.GetCustomerById (3 handlers)
[GIN-debug] GET    /customer-admin/api/customer/email/:customerEmail --> qwik.in/customers-admin/app/handlers.GetCustomerByEmail (3 handlers)
[GIN-debug] PUT    /customer-admin/api/customer/:customerId --> qwik.in/customers-admin/app/handlers.UpdateCustomer (3 handlers)
[GIN-debug] DELETE /customer-admin/api/customer/:customerId --> qwik.in/customers-admin/app/handlers.DeleteCustomer (3 handlers)
[GIN-debug] GET    /customer-admin/api/user  --> qwik.in/customers-admin/app/handlers.GetAdminUsers (3 handlers)
[GIN-debug] [WARNING] You trusted all proxies, this is NOT safe. We recommend you to set a value.
Please check https://pkg.go.dev/github.com/gin-gonic/gin#readme-don-t-trust-all-proxies for details.
[GIN-debug] Listening and serving HTTP on :7000
POST - [200] ::1 HTTP/1.1 PostmanRuntime/7.29.0 /customer-admin/api/customer 2022-04-15T00:13:14+05:30 1.2516396s 
GET - [400] ::1 HTTP/1.1 PostmanRuntime/7.29.0 /customer-admin/api/customer/c571862e-b118-4975-9313-9136be6d6fa7 2022-04-15T00:14:36+05:30 0s 
POST - [200] ::1 HTTP/1.1 PostmanRuntime/7.29.0 /customer-admin/api/customer 2022-04-15T00:21:40+05:30 1.3393007s 
GET - [400] ::1 HTTP/1.1 PostmanRuntime/7.29.0 /customer-admin/api/customer/c571862e-b118-4975-9313-9136be6d6fa7 2022-04-15T00:22:08+05:30 0s 
GET - [400] ::1 HTTP/1.1 PostmanRuntime/7.29.0 /customer-admin/api/customer/c571862e-b118-4975-9313-9136be6d6fa7 2022-04-15T00:22:10+05:30 0s 
[GIN-debug] [WARNING] Running in "debug" mode. Switch to "release" mode in production.
 - using env:	export GIN_MODE=release
 - using code:	gin.SetMode(gin.ReleaseMode)

[GIN-debug] GET    /customer-admin/api/      --> qwik.in/customers-admin/app/handlers.HealthCheck (3 handlers)
[GIN-debug] POST   /customer-admin/api/customer --> qwik.in/customers-admin/app/handlers.CreateCustomer (3 handlers)
[GIN-debug] GET    /customer-admin/api/customer/:customerId --> qwik.in/customers-admin/app/handlers.GetCustomerById (3 handlers)
[GIN-debug] GET    /customer-admin/api/customer/email/:customerEmail --> qwik.in/customers-admin/app/handlers.GetCustomerByEmail (3 handlers)
[GIN-debug] PUT    /customer-admin/api/customer/:customerId --> qwik.in/customers-admin/app/handlers.UpdateCustomer (3 handlers)
[GIN-debug] DELETE /customer-admin/api/customer/:customerId --> qwik.in/customers-admin/app/handlers.DeleteCustomer (3 handlers)
[GIN-debug] GET    /customer-admin/api/user  --> qwik.in/customers-admin/app/handlers.GetAdminUsers (3 handlers)
[GIN-debug] [WARNING] You trusted all proxies, this is NOT safe. We recommend you to set a value.
Please check https://pkg.go.dev/github.com/gin-gonic/gin#readme-don-t-trust-all-proxies for details.
[GIN-debug] Listening and serving HTTP on :7000
GET - [404] ::1 HTTP/1.1 PostmanRuntime/7.29.0 /customer-admin/api/customer/c571862e-b118-4975-9313-9136be6d6fa7 2022-04-15T00:27:54+05:30 1.3312703s 
GET - [200] ::1 HTTP/1.1 PostmanRuntime/7.29.0 /customer-admin/api/customer/005fcd76-7276-4cac-b1ce-ce5ff7276c6d 2022-04-15T00:28:14+05:30 308.1435ms 
GET - [500] ::1 HTTP/1.1 PostmanRuntime/7.29.0 /customer-admin/api/customer/email/ravi@gmail.com 2022-04-15T00:29:12+05:30 318.0165ms 
[GIN-debug] [WARNING] Running in "debug" mode. Switch to "release" mode in production.
 - using env:	export GIN_MODE=release
 - using code:	gin.SetMode(gin.ReleaseMode)

[GIN-debug] GET    /customer-admin/api/      --> qwik.in/customers-admin/app/handlers.HealthCheck (3 handlers)
[GIN-debug] POST   /customer-admin/api/customer --> qwik.in/customers-admin/app/handlers.CreateCustomer (3 handlers)
[GIN-debug] GET    /customer-admin/api/customer/:customerId --> qwik.in/customers-admin/app/handlers.GetCustomerById (3 handlers)
[GIN-debug] GET    /customer-admin/api/customer/email/:customerEmail --> qwik.in/customers-admin/app/handlers.GetCustomerByEmail (3 handlers)
[GIN-debug] PUT    /customer-admin/api/customer/:customerId --> qwik.in/customers-admin/app/handlers.UpdateCustomer (3 handlers)
[GIN-debug] DELETE /customer-admin/api/customer/:customerId --> qwik.in/customers-admin/app/handlers.DeleteCustomer (3 handlers)
[GIN-debug] GET    /customer-admin/api/user  --> qwik.in/customers-admin/app/handlers.GetAdminUsers (3 handlers)
[GIN-debug] [WARNING] You trusted all proxies, this is NOT safe. We recommend you to set a value.
Please check https://pkg.go.dev/github.com/gin-gonic/gin#readme-don-t-trust-all-proxies for details.
[GIN-debug] Listening and serving HTTP on :7000
GET - [500] ::1 HTTP/1.1 PostmanRuntime/7.29.0 /customer-admin/api/customer/email/ravi@gmail.com 2022-04-15T00:30:18+05:30 8.4835811s 
[GIN-debug] [WARNING] Running in "debug" mode. Switch to "release" mode in production.
 - using env:	export GIN_MODE=release
 - using code:	gin.SetMode(gin.ReleaseMode)

[GIN-debug] GET    /customer-admin/api/      --> qwik.in/customers-admin/app/handlers.HealthCheck (3 handlers)
[GIN-debug] POST   /customer-admin/api/customer --> qwik.in/customers-admin/app/handlers.CreateCustomer (3 handlers)
[GIN-debug] GET    /customer-admin/api/customer/:customerId --> qwik.in/customers-admin/app/handlers.GetCustomerById (3 handlers)
[GIN-debug] GET    /customer-admin/api/customer/email/:customerEmail --> qwik.in/customers-admin/app/handlers.GetCustomerByEmail (3 handlers)
[GIN-debug] PUT    /customer-admin/api/customer/:customerId --> qwik.in/customers-admin/app/handlers.UpdateCustomer (3 handlers)
[GIN-debug] DELETE /customer-admin/api/customer/:customerId --> qwik.in/customers-admin/app/handlers.DeleteCustomer (3 handlers)
[GIN-debug] GET    /customer-admin/api/user  --> qwik.in/customers-admin/app/handlers.GetAdminUsers (3 handlers)
[GIN-debug] [WARNING] You trusted all proxies, this is NOT safe. We recommend you to set a value.
Please check https://pkg.go.dev/github.com/gin-gonic/gin#readme-don-t-trust-all-proxies for details.
[GIN-debug] Listening and serving HTTP on :7000
GET - [500] ::1 HTTP/1.1 PostmanRuntime/7.29.0 /customer-admin/api/customer/email/ravi@gmail.com 2022-04-15T00:31:16+05:30 1.3003217s 
[GIN-debug] [WARNING] Running in "debug" mode. Switch to "release" mode in production.
 - using env:	export GIN_MODE=release
 - using code:	gin.SetMode(gin.ReleaseMode)

[GIN-debug] GET    /customer-admin/api/      --> qwik.in/customers-admin/app/handlers.HealthCheck (3 handlers)
[GIN-debug] POST   /customer-admin/api/customer --> qwik.in/customers-admin/app/handlers.CreateCustomer (3 handlers)
[GIN-debug] GET    /customer-admin/api/customer/:customerId --> qwik.in/customers-admin/app/handlers.GetCustomerById (3 handlers)
[GIN-debug] GET    /customer-admin/api/customer/email/:customerEmail --> qwik.in/customers-admin/app/handlers.GetCustomerByEmail (3 handlers)
[GIN-debug] PUT    /customer-admin/api/customer/:customerId --> qwik.in/customers-admin/app/handlers.UpdateCustomer (3 handlers)
[GIN-debug] DELETE /customer-admin/api/customer/:customerId --> qwik.in/customers-admin/app/handlers.DeleteCustomer (3 handlers)
[GIN-debug] GET    /customer-admin/api/user  --> qwik.in/customers-admin/app/handlers.GetAdminUsers (3 handlers)
[GIN-debug] [WARNING] You trusted all proxies, this is NOT safe. We recommend you to set a value.
Please check https://pkg.go.dev/github.com/gin-gonic/gin#readme-don-t-trust-all-proxies for details.
[GIN-debug] Listening and serving HTTP on :7000
GET - [500] ::1 HTTP/1.1 PostmanRuntime/7.29.0 /customer-admin/api/customer/email/ravi@gmail.com 2022-04-15T00:40:35+05:30 1.2315116s 
[GIN-debug] [WARNING] Running in "debug" mode. Switch to "release" mode in production.
 - using env:	export GIN_MODE=release
 - using code:	gin.SetMode(gin.ReleaseMode)

[GIN-debug] GET    /customer-admin/api/      --> qwik.in/customers-admin/app/handlers.HealthCheck (3 handlers)
[GIN-debug] POST   /customer-admin/api/customer --> qwik.in/customers-admin/app/handlers.CreateCustomer (3 handlers)
[GIN-debug] GET    /customer-admin/api/customer/:customerId --> qwik.in/customers-admin/app/handlers.GetCustomerById (3 handlers)
[GIN-debug] GET    /customer-admin/api/customer/email/:customerEmail --> qwik.in/customers-admin/app/handlers.GetCustomerByEmail (3 handlers)
[GIN-debug] PUT    /customer-admin/api/customer/:customerId --> qwik.in/customers-admin/app/handlers.UpdateCustomer (3 handlers)
[GIN-debug] DELETE /customer-admin/api/customer/:customerId --> qwik.in/customers-admin/app/handlers.DeleteCustomer (3 handlers)
[GIN-debug] GET    /customer-admin/api/user  --> qwik.in/customers-admin/app/handlers.GetAdminUsers (3 handlers)
[GIN-debug] [WARNING] You trusted all proxies, this is NOT safe. We recommend you to set a value.
Please check https://pkg.go.dev/github.com/gin-gonic/gin#readme-don-t-trust-all-proxies for details.
[GIN-debug] Listening and serving HTTP on :7000
GET - [500] ::1 HTTP/1.1 PostmanRuntime/7.29.0 /customer-admin/api/customer/email/ravi@gmail.com 2022-04-15T00:41:24+05:30 1.2813415s 
[GIN-debug] [WARNING] Running in "debug" mode. Switch to "release" mode in production.
 - using env:	export GIN_MODE=release
 - using code:	gin.SetMode(gin.ReleaseMode)

[GIN-debug] GET    /customer-admin/api/      --> qwik.in/customers-admin/app/handlers.HealthCheck (3 handlers)
[GIN-debug] POST   /customer-admin/api/customer --> qwik.in/customers-admin/app/handlers.CreateCustomer (3 handlers)
[GIN-debug] GET    /customer-admin/api/customer/:customerId --> qwik.in/customers-admin/app/handlers.GetCustomerById (3 handlers)
[GIN-debug] GET    /customer-admin/api/customer/email/:customerEmail --> qwik.in/customers-admin/app/handlers.GetCustomerByEmail (3 handlers)
[GIN-debug] PUT    /customer-admin/api/customer/:customerId --> qwik.in/customers-admin/app/handlers.UpdateCustomer (3 handlers)
[GIN-debug] DELETE /customer-admin/api/customer/:customerId --> qwik.in/customers-admin/app/handlers.DeleteCustomer (3 handlers)
[GIN-debug] GET    /customer-admin/api/user  --> qwik.in/customers-admin/app/handlers.GetAdminUsers (3 handlers)
[GIN-debug] [WARNING] You trusted all proxies, this is NOT safe. We recommend you to set a value.
Please check https://pkg.go.dev/github.com/gin-gonic/gin#readme-don-t-trust-all-proxies for details.
[GIN-debug] Listening and serving HTTP on :7000
GET - [500] ::1 HTTP/1.1 PostmanRuntime/7.29.0 /customer-admin/api/customer/email/ravi@gmail.com 2022-04-15T00:49:11+05:30 1.2787129s 
[GIN-debug] [WARNING] Running in "debug" mode. Switch to "release" mode in production.
 - using env:	export GIN_MODE=release
 - using code:	gin.SetMode(gin.ReleaseMode)

[GIN-debug] GET    /customer-admin/api/      --> qwik.in/customers-admin/app/handlers.HealthCheck (3 handlers)
[GIN-debug] POST   /customer-admin/api/customer --> qwik.in/customers-admin/app/handlers.CreateCustomer (3 handlers)
[GIN-debug] GET    /customer-admin/api/customer/:customerId --> qwik.in/customers-admin/app/handlers.GetCustomerById (3 handlers)
[GIN-debug] GET    /customer-admin/api/customer/email/:customerEmail --> qwik.in/customers-admin/app/handlers.GetCustomerByEmail (3 handlers)
[GIN-debug] PUT    /customer-admin/api/customer/:customerId --> qwik.in/customers-admin/app/handlers.UpdateCustomer (3 handlers)
[GIN-debug] DELETE /customer-admin/api/customer/:customerId --> qwik.in/customers-admin/app/handlers.DeleteCustomer (3 handlers)
[GIN-debug] GET    /customer-admin/api/user  --> qwik.in/customers-admin/app/handlers.GetAdminUsers (3 handlers)
[GIN-debug] [WARNING] You trusted all proxies, this is NOT safe. We recommend you to set a value.
Please check https://pkg.go.dev/github.com/gin-gonic/gin#readme-don-t-trust-all-proxies for details.
[GIN-debug] Listening and serving HTTP on :7000
GET - [200] ::1 HTTP/1.1 PostmanRuntime/7.29.0 /customer-admin/api/customer/email/ravi@gmail.com 2022-04-15T00:49:40+05:30 1.341326s 
GET - [404] ::1 HTTP/1.1 PostmanRuntime/7.29.0 /customer-admin/api/customer/email/ravii@gmail.com 2022-04-15T00:49:47+05:30 292.1041ms 
GET - [200] ::1 HTTP/1.1 PostmanRuntime/7.29.0 /customer-admin/api/customer/email/ravi@gmail.com 2022-04-15T00:49:53+05:30 320.2358ms 
GET - [404] ::1 HTTP/1.1 PostmanRuntime/7.29.0 /customer-admin/api/customer/email/ravi@gm 2022-04-15T00:49:58+05:30 322.8906ms 
GET - [200] ::1 HTTP/1.1 PostmanRuntime/7.29.0 /customer-admin/api/customer/email/ravi@gmail.com 2022-04-15T00:50:04+05:30 281.5713ms 
[GIN-debug] [WARNING] Running in "debug" mode. Switch to "release" mode in production.
 - using env:	export GIN_MODE=release
 - using code:	gin.SetMode(gin.ReleaseMode)

[GIN-debug] GET    /customer-admin/api/      --> qwik.in/customers-admin/app/handlers.HealthCheck (3 handlers)
[GIN-debug] POST   /customer-admin/api/customer --> qwik.in/customers-admin/app/handlers.CreateCustomer (3 handlers)
[GIN-debug] GET    /customer-admin/api/customer/:customerId --> qwik.in/customers-admin/app/handlers.GetCustomerById (3 handlers)
[GIN-debug] GET    /customer-admin/api/customer/email/:customerEmail --> qwik.in/customers-admin/app/handlers.GetCustomerByEmail (3 handlers)
[GIN-debug] PUT    /customer-admin/api/customer/:customerId --> qwik.in/customers-admin/app/handlers.UpdateCustomer (3 handlers)
[GIN-debug] DELETE /customer-admin/api/customer/:customerId --> qwik.in/customers-admin/app/handlers.DeleteCustomer (3 handlers)
[GIN-debug] GET    /customer-admin/api/user  --> qwik.in/customers-admin/app/handlers.GetAdminUsers (3 handlers)
[GIN-debug] [WARNING] You trusted all proxies, this is NOT safe. We recommend you to set a value.
Please check https://pkg.go.dev/github.com/gin-gonic/gin#readme-don-t-trust-all-proxies for details.
[GIN-debug] Listening and serving HTTP on :7000
GET - [200] ::1 HTTP/1.1 PostmanRuntime/7.29.0 /customer-admin/api/customer/email/ravi@gmail.com 2022-04-15T00:50:55+05:30 1.2600585s 
GET - [404] ::1 HTTP/1.1 PostmanRuntime/7.29.0 /customer-admin/api/customer/email/ravi@gmail.comg 2022-04-15T00:50:59+05:30 266.0112ms 
GET - [200] ::1 HTTP/1.1 PostmanRuntime/7.29.0 /customer-admin/api/customer/005fcd76-7276-4cac-b1ce-ce5ff7276c6d 2022-04-15T00:51:09+05:30 292.5988ms 
GET - [200] ::1 HTTP/1.1 PostmanRuntime/7.29.0 /customer-admin/api/customer/email/ravi@gmail.com 2022-04-15T00:52:16+05:30 1.2992387s 
GET - [200] ::1 HTTP/1.1 PostmanRuntime/7.29.0 /customer-admin/api/customer/005fcd76-7276-4cac-b1ce-ce5ff7276c6d 2022-04-15T00:52:28+05:30 299.0139ms 
POST - [200] ::1 HTTP/1.1 PostmanRuntime/7.29.0 /customer-admin/api/customer 2022-04-15T00:54:03+05:30 1.3281906s 
PUT - [200] ::1 HTTP/1.1 PostmanRuntime/7.29.0 /customer-admin/api/customer/005fcd76-7276-4cac-b1ce-ce5ff7276c6d 2022-04-15T00:54:43+05:30 568.959ms 
PUT - [200] ::1 HTTP/1.1 PostmanRuntime/7.29.0 /customer-admin/api/customer/005fcd76-7276-4cac-b1ce-ce5ff7276c6d 2022-04-15T00:55:07+05:30 640.4081ms 
PUT - [200] ::1 HTTP/1.1 PostmanRuntime/7.29.0 /customer-admin/api/customer/005fcd76-7276-4cac-b1ce-ce5ff7276c6d 2022-04-15T00:55:44+05:30 614.7983ms 
PUT - [200] ::1 HTTP/1.1 PostmanRuntime/7.29.0 /customer-admin/api/customer/005fcd76-7276-4cac-b1ce-ce5ff7276c6d 2022-04-15T00:55:53+05:30 567.1357ms 
PUT - [200] ::1 HTTP/1.1 PostmanRuntime/7.29.0 /customer-admin/api/customer/005fcd76-7276-4cac-b1ce-ce5ff7276c6d 2022-04-15T00:56:24+05:30 556.2715ms 
PUT - [200] ::1 HTTP/1.1 PostmanRuntime/7.29.0 /customer-admin/api/customer/005fcd76-7276-4cac-b1ce-ce5ff7276c6d 2022-04-15T00:56:34+05:30 566.584ms 
GET - [200] ::1 HTTP/1.1 PostmanRuntime/7.29.0 /customer-admin/api/customer/email/ravi@gmail.com 2022-04-15T00:56:39+05:30 278.9313ms 
POST - [200] ::1 HTTP/1.1 PostmanRuntime/7.29.0 /customer-admin/api/customer 2022-04-15T00:58:40+05:30 1.3082065s 
DELETE - [200] ::1 HTTP/1.1 PostmanRuntime/7.29.0 /customer-admin/api/customer/7fbf8b86-a069-40ec-b030-bbb1b13121a0q 2022-04-15T00:58:57+05:30 338.7746ms 
DELETE - [200] ::1 HTTP/1.1 PostmanRuntime/7.29.0 /customer-admin/api/customer/7fbf8b86-a069-40ec-b030-bbb1b13121a0 2022-04-15T00:59:05+05:30 294.5229ms 
[GIN-debug] [WARNING] Running in "debug" mode. Switch to "release" mode in production.
 - using env:	export GIN_MODE=release
 - using code:	gin.SetMode(gin.ReleaseMode)

[GIN-debug] GET    /customer-admin/api/      --> qwik.in/customers-admin/app/handlers.HealthCheck (3 handlers)
[GIN-debug] POST   /customer-admin/api/customer --> qwik.in/customers-admin/app/handlers.CreateCustomer (3 handlers)
[GIN-debug] GET    /customer-admin/api/customer/:customerId --> qwik.in/customers-admin/app/handlers.GetCustomerById (3 handlers)
[GIN-debug] GET    /customer-admin/api/customer/email/:customerEmail --> qwik.in/customers-admin/app/handlers.GetCustomerByEmail (3 handlers)
[GIN-debug] PUT    /customer-admin/api/customer/:customerId --> qwik.in/customers-admin/app/handlers.UpdateCustomer (3 handlers)
[GIN-debug] DELETE /customer-admin/api/customer/:customerId --> qwik.in/customers-admin/app/handlers.DeleteCustomer (3 handlers)
[GIN-debug] GET    /customer-admin/api/user  --> qwik.in/customers-admin/app/handlers.GetAdminUsers (3 handlers)
[GIN-debug] [WARNING] You trusted all proxies, this is NOT safe. We recommend you to set a value.
Please check https://pkg.go.dev/github.com/gin-gonic/gin#readme-don-t-trust-all-proxies for details.
[GIN-debug] Listening and serving HTTP on :7000
POST - [200] ::1 HTTP/1.1 PostmanRuntime/7.29.0 /customer-admin/api/customer 2022-04-15T01:00:18+05:30 1.3103153s 
DELETE - [200] ::1 HTTP/1.1 PostmanRuntime/7.29.0 /customer-admin/api/customer/7fbf8b86-a069-40ec-b030-bbb1b13121a0 2022-04-15T01:00:26+05:30 287.9168ms 
DELETE - [200] ::1 HTTP/1.1 PostmanRuntime/7.29.0 /customer-admin/api/customer/9555babd-1b90-4a7c-b68a-c2fe3d87d378 2022-04-15T01:00:33+05:30 274.3146ms 
[GIN-debug] [WARNING] Running in "debug" mode. Switch to "release" mode in production.
 - using env:	export GIN_MODE=release
 - using code:	gin.SetMode(gin.ReleaseMode)

[GIN-debug] GET    /customer-admin/api/      --> qwik.in/customers-admin/app/handlers.HealthCheck (3 handlers)
[GIN-debug] POST   /customer-admin/api/customer --> qwik.in/customers-admin/app/handlers.CreateCustomer (3 handlers)
[GIN-debug] GET    /customer-admin/api/customer/:customerId --> qwik.in/customers-admin/app/handlers.GetCustomerById (3 handlers)
[GIN-debug] GET    /customer-admin/api/customer/email/:customerEmail --> qwik.in/customers-admin/app/handlers.GetCustomerByEmail (3 handlers)
[GIN-debug] PUT    /customer-admin/api/customer/:customerId --> qwik.in/customers-admin/app/handlers.UpdateCustomer (3 handlers)
[GIN-debug] DELETE /customer-admin/api/customer/:customerId --> qwik.in/customers-admin/app/handlers.DeleteCustomer (3 handlers)
[GIN-debug] GET    /customer-admin/api/user  --> qwik.in/customers-admin/app/handlers.GetAdminUsers (3 handlers)
[GIN-debug] [WARNING] You trusted all proxies, this is NOT safe. We recommend you to set a value.
Please check https://pkg.go.dev/github.com/gin-gonic/gin#readme-don-t-trust-all-proxies for details.
[GIN-debug] Listening and serving HTTP on :7000
DELETE - [200] ::1 HTTP/1.1 PostmanRuntime/7.29.0 /customer-admin/api/customer/9555babd-1b90-4a7c-b68a-c2fe3d87d378 2022-04-15T01:06:03+05:30 1.3970075s 
POST - [200] ::1 HTTP/1.1 PostmanRuntime/7.29.0 /customer-admin/api/customer 2022-04-15T01:06:11+05:30 285.5565ms 
DELETE - [200] ::1 HTTP/1.1 PostmanRuntime/7.29.0 /customer-admin/api/customer/56de7961-c3ef-4380-9434-25d387594fb3 2022-04-15T01:06:20+05:30 289.9542ms 
[GIN-debug] [WARNING] Running in "debug" mode. Switch to "release" mode in production.
 - using env:	export GIN_MODE=release
 - using code:	gin.SetMode(gin.ReleaseMode)

[GIN-debug] GET    /customer-admin/api/      --> qwik.in/customers-admin/app/handlers.HealthCheck (3 handlers)
[GIN-debug] POST   /customer-admin/api/customer --> qwik.in/customers-admin/app/handlers.CreateCustomer (3 handlers)
[GIN-debug] GET    /customer-admin/api/customer/:customerId --> qwik.in/customers-admin/app/handlers.GetCustomerById (3 handlers)
[GIN-debug] GET    /customer-admin/api/customer/email/:customerEmail --> qwik.in/customers-admin/app/handlers.GetCustomerByEmail (3 handlers)
[GIN-debug] PUT    /customer-admin/api/customer/:customerId --> qwik.in/customers-admin/app/handlers.UpdateCustomer (3 handlers)
[GIN-debug] DELETE /customer-admin/api/customer/:customerId --> qwik.in/customers-admin/app/handlers.DeleteCustomer (3 handlers)
[GIN-debug] GET    /customer-admin/api/user  --> qwik.in/customers-admin/app/handlers.GetAdminUsers (3 handlers)
[GIN-debug] [WARNING] You trusted all proxies, this is NOT safe. We recommend you to set a value.
Please check https://pkg.go.dev/github.com/gin-gonic/gin#readme-don-t-trust-all-proxies for details.
[GIN-debug] Listening and serving HTTP on :7000
DELETE - [200] ::1 HTTP/1.1 PostmanRuntime/7.29.0 /customer-admin/api/customer/56de7961-c3ef-4380-9434-25d387594fb3 2022-04-15T01:06:58+05:30 1.3735728s 
POST - [200] ::1 HTTP/1.1 PostmanRuntime/7.29.0 /customer-admin/api/customer 2022-04-15T01:07:04+05:30 310.1211ms 
DELETE - [200] ::1 HTTP/1.1 PostmanRuntime/7.29.0 /customer-admin/api/customer/79a616d3-4741-4a5b-99f6-3f160fe2e82e 2022-04-15T01:07:13+05:30 296.8069ms 
[GIN-debug] [WARNING] Running in "debug" mode. Switch to "release" mode in production.
 - using env:	export GIN_MODE=release
 - using code:	gin.SetMode(gin.ReleaseMode)

[GIN-debug] GET    /customer-admin/api/      --> qwik.in/customers-admin/app/handlers.HealthCheck (3 handlers)
[GIN-debug] POST   /customer-admin/api/customer --> qwik.in/customers-admin/app/handlers.CreateCustomer (3 handlers)
[GIN-debug] GET    /customer-admin/api/customer/:customerId --> qwik.in/customers-admin/app/handlers.GetCustomerById (3 handlers)
[GIN-debug] GET    /customer-admin/api/customer/email/:customerEmail --> qwik.in/customers-admin/app/handlers.GetCustomerByEmail (3 handlers)
[GIN-debug] PUT    /customer-admin/api/customer/:customerId --> qwik.in/customers-admin/app/handlers.UpdateCustomer (3 handlers)
[GIN-debug] DELETE /customer-admin/api/customer/:customerId --> qwik.in/customers-admin/app/handlers.DeleteCustomer (3 handlers)
[GIN-debug] GET    /customer-admin/api/user  --> qwik.in/customers-admin/app/handlers.GetAdminUsers (3 handlers)
[GIN-debug] [WARNING] You trusted all proxies, this is NOT safe. We recommend you to set a value.
Please check https://pkg.go.dev/github.com/gin-gonic/gin#readme-don-t-trust-all-proxies for details.
[GIN-debug] Listening and serving HTTP on :7000
DELETE - [404] ::1 HTTP/1.1 PostmanRuntime/7.29.0 /customer-admin/api/customer/79a616d3-4741-4a5b-99f6-3f160fe2e82e 2022-04-15T01:09:17+05:30 1.3415995s 
POST - [200] ::1 HTTP/1.1 PostmanRuntime/7.29.0 /customer-admin/api/customer 2022-04-15T01:09:20+05:30 294.5563ms 
DELETE - [200] ::1 HTTP/1.1 PostmanRuntime/7.29.0 /customer-admin/api/customer/ca7e2b30-dbaa-459d-b4ad-ada7e8a14a4a 2022-04-15T01:09:28+05:30 275.8918ms 
DELETE - [404] ::1 HTTP/1.1 PostmanRuntime/7.29.0 /customer-admin/api/customer/ca7e2b30-dbaa-459d-b4ad-ada7e8a14a4a 2022-04-15T01:09:30+05:30 292.2604ms 
[GIN-debug] [WARNING] Running in "debug" mode. Switch to "release" mode in production.
 - using env:	export GIN_MODE=release
 - using code:	gin.SetMode(gin.ReleaseMode)

[GIN-debug] GET    /customer-admin/api/      --> qwik.in/customers-admin/app/handlers.HealthCheck (3 handlers)
[GIN-debug] POST   /customer-admin/api/customer --> qwik.in/customers-admin/app/handlers.CreateCustomer (3 handlers)
[GIN-debug] GET    /customer-admin/api/customer/:customerId --> qwik.in/customers-admin/app/handlers.GetCustomerById (3 handlers)
[GIN-debug] GET    /customer-admin/api/customer/email/:customerEmail --> qwik.in/customers-admin/app/handlers.GetCustomerByEmail (3 handlers)
[GIN-debug] PUT    /customer-admin/api/customer/:customerId --> qwik.in/customers-admin/app/handlers.UpdateCustomer (3 handlers)
[GIN-debug] DELETE /customer-admin/api/customer/:customerId --> qwik.in/customers-admin/app/handlers.DeleteCustomer (3 handlers)
[GIN-debug] GET    /customer-admin/api/user  --> qwik.in/customers-admin/app/handlers.GetAdminUsers (3 handlers)
[GIN-debug] POST   /customer-admin/api/user  --> qwik.in/customers-admin/app/handlers.AddAdminUser (3 handlers)
[GIN-debug] [WARNING] You trusted all proxies, this is NOT safe. We recommend you to set a value.
Please check https://pkg.go.dev/github.com/gin-gonic/gin#readme-don-t-trust-all-proxies for details.
[GIN-debug] Listening and serving HTTP on :7000
[GIN-debug] [WARNING] Running in "debug" mode. Switch to "release" mode in production.
 - using env:	export GIN_MODE=release
 - using code:	gin.SetMode(gin.ReleaseMode)

[GIN-debug] GET    /customer-admin/api/      --> qwik.in/customers-admin/app/handlers.HealthCheck (3 handlers)
[GIN-debug] POST   /customer-admin/api/customer --> qwik.in/customers-admin/app/handlers.CreateCustomer (3 handlers)
[GIN-debug] GET    /customer-admin/api/customer/:customerId --> qwik.in/customers-admin/app/handlers.GetCustomerById (3 handlers)
[GIN-debug] GET    /customer-admin/api/customer/email/:customerEmail --> qwik.in/customers-admin/app/handlers.GetCustomerByEmail (3 handlers)
[GIN-debug] PUT    /customer-admin/api/customer/:customerId --> qwik.in/customers-admin/app/handlers.UpdateCustomer (3 handlers)
[GIN-debug] DELETE /customer-admin/api/customer/:customerId --> qwik.in/customers-admin/app/handlers.DeleteCustomer (3 handlers)
[GIN-debug] GET    /customer-admin/api/user  --> qwik.in/customers-admin/app/handlers.GetAdminUsers (3 handlers)
[GIN-debug] POST   /customer-admin/api/user  --> qwik.in/customers-admin/app/handlers.AddAdminUser (3 handlers)
[GIN-debug] [WARNING] You trusted all proxies, this is NOT safe. We recommend you to set a value.
Please check https://pkg.go.dev/github.com/gin-gonic/gin#readme-don-t-trust-all-proxies for details.
[GIN-debug] Listening and serving HTTP on :7000
POST - [200] ::1 HTTP/1.1 PostmanRuntime/7.29.0 /customer-admin/api/user 2022-04-15T01:31:35+05:30 1.2952155s 
GET - [200] ::1 HTTP/1.1 PostmanRuntime/7.29.0 /customer-admin/api/user 2022-04-15T01:32:12+05:30 273.3463ms 
POST - [200] ::1 HTTP/1.1 PostmanRuntime/7.29.0 /customer-admin/api/user 2022-04-15T01:32:35+05:30 311.0247ms 
GET - [200] ::1 HTTP/1.1 PostmanRuntime/7.29.0 /customer-admin/api/user 2022-04-15T01:32:39+05:30 275.3404ms 
POST - [200] ::1 HTTP/1.1 PostmanRuntime/7.29.0 /customer-admin/api/customer 2022-04-15T01:33:45+05:30 1.5371807s 
[GIN-debug] [WARNING] Running in "debug" mode. Switch to "release" mode in production.
 - using env:	export GIN_MODE=release
 - using code:	gin.SetMode(gin.ReleaseMode)

[GIN-debug] GET    /customer-admin/api/      --> qwik.in/customers-admin/app/handlers.HealthCheck (3 handlers)
[GIN-debug] POST   /customer-admin/api/customer --> qwik.in/customers-admin/app/handlers.CreateCustomer (3 handlers)
[GIN-debug] GET    /customer-admin/api/customer/:customerId --> qwik.in/customers-admin/app/handlers.GetCustomerById (3 handlers)
[GIN-debug] GET    /customer-admin/api/customer/email/:customerEmail --> qwik.in/customers-admin/app/handlers.GetCustomerByEmail (3 handlers)
[GIN-debug] PUT    /customer-admin/api/customer/:customerId --> qwik.in/customers-admin/app/handlers.UpdateCustomer (3 handlers)
[GIN-debug] DELETE /customer-admin/api/customer/:customerId --> qwik.in/customers-admin/app/handlers.DeleteCustomer (3 handlers)
[GIN-debug] GET    /customer-admin/api/user  --> qwik.in/customers-admin/app/handlers.GetAdminUsers (3 handlers)
[GIN-debug] POST   /customer-admin/api/user  --> qwik.in/customers-admin/app/handlers.AddAdminUser (3 handlers)
[GIN-debug] [WARNING] You trusted all proxies, this is NOT safe. We recommend you to set a value.
Please check https://pkg.go.dev/github.com/gin-gonic/gin#readme-don-t-trust-all-proxies for details.
[GIN-debug] Listening and serving HTTP on :7000
GET - [200] ::1 HTTP/1.1 PostmanRuntime/7.29.0 /customer-admin/api/customer/894425b4-9141-41d0-9590-177336c0ca76 2022-04-15T13:09:43+05:30 1.4661962s 
PUT - [200] ::1 HTTP/1.1 PostmanRuntime/7.29.0 /customer-admin/api/customer/894425b4-9141-41d0-9590-177336c0ca76 2022-04-15T13:10:30+05:30 750.6075ms 
GET - [200] ::1 HTTP/1.1 PostmanRuntime/7.29.0 /customer-admin/api/customer/894425b4-9141-41d0-9590-177336c0ca76 2022-04-15T13:10:37+05:30 283.8874ms 
POST - [200] ::1 HTTP/1.1 PostmanRuntime/7.29.0 /customer-admin/api/customer 2022-04-15T13:12:01+05:30 1.133625s 
[GIN-debug] [WARNING] Running in "debug" mode. Switch to "release" mode in production.
 - using env:	export GIN_MODE=release
 - using code:	gin.SetMode(gin.ReleaseMode)

[GIN-debug] GET    /customer-admin/api/      --> qwik.in/customers-admin/app/handlers.HealthCheck (3 handlers)
[GIN-debug] POST   /customer-admin/api/customer --> qwik.in/customers-admin/app/handlers.CreateCustomer (3 handlers)
[GIN-debug] GET    /customer-admin/api/customer/:customerId --> qwik.in/customers-admin/app/handlers.GetCustomerById (3 handlers)
[GIN-debug] GET    /customer-admin/api/customer/email/:customerEmail --> qwik.in/customers-admin/app/handlers.GetCustomerByEmail (3 handlers)
[GIN-debug] PUT    /customer-admin/api/customer/:customerId --> qwik.in/customers-admin/app/handlers.UpdateCustomer (3 handlers)
[GIN-debug] DELETE /customer-admin/api/customer/:customerId --> qwik.in/customers-admin/app/handlers.DeleteCustomer (3 handlers)
[GIN-debug] GET    /customer-admin/api/user  --> qwik.in/customers-admin/app/handlers.GetAdminUsers (3 handlers)
[GIN-debug] POST   /customer-admin/api/user  --> qwik.in/customers-admin/app/handlers.AddAdminUser (3 handlers)
[GIN-debug] [WARNING] You trusted all proxies, this is NOT safe. We recommend you to set a value.
Please check https://pkg.go.dev/github.com/gin-gonic/gin#readme-don-t-trust-all-proxies for details.
[GIN-debug] Listening and serving HTTP on :7000
POST - [400] ::1 HTTP/1.1 PostmanRuntime/7.29.0 /customer-admin/api/customer 2022-04-15T13:16:31+05:30 1.552317s 
GET - [200] ::1 HTTP/1.1 PostmanRuntime/7.29.0 /customer-admin/api/customer/894425b4-9141-41d0-9590-177336c0ca76 2022-04-15T13:16:43+05:30 294.3003ms 
GET - [200] ::1 HTTP/1.1 PostmanRuntime/7.29.0 /customer-admin/api/user 2022-04-15T13:16:53+05:30 346.728ms 
[GIN-debug] [WARNING] Running in "debug" mode. Switch to "release" mode in production.
 - using env:	export GIN_MODE=release
 - using code:	gin.SetMode(gin.ReleaseMode)

[GIN-debug] GET    /customer-admin/api/      --> qwik.in/customers-admin/app/handlers.HealthCheck (3 handlers)
[GIN-debug] POST   /customer-admin/api/customer --> qwik.in/customers-admin/app/handlers.CreateCustomer (3 handlers)
[GIN-debug] GET    /customer-admin/api/customer/:customerId --> qwik.in/customers-admin/app/handlers.GetCustomerById (3 handlers)
[GIN-debug] GET    /customer-admin/api/customer/email/:customerEmail --> qwik.in/customers-admin/app/handlers.GetCustomerByEmail (3 handlers)
[GIN-debug] PUT    /customer-admin/api/customer/:customerId --> qwik.in/customers-admin/app/handlers.UpdateCustomer (3 handlers)
[GIN-debug] DELETE /customer-admin/api/customer/:customerId --> qwik.in/customers-admin/app/handlers.DeleteCustomer (3 handlers)
[GIN-debug] GET    /customer-admin/api/user  --> qwik.in/customers-admin/app/handlers.GetAdminUsers (3 handlers)
[GIN-debug] POST   /customer-admin/api/user  --> qwik.in/customers-admin/app/handlers.AddAdminUser (3 handlers)
[GIN-debug] [WARNING] You trusted all proxies, this is NOT safe. We recommend you to set a value.
Please check https://pkg.go.dev/github.com/gin-gonic/gin#readme-don-t-trust-all-proxies for details.
[GIN-debug] Listening and serving HTTP on :7000
GET - [200] ::1 HTTP/1.1 PostmanRuntime/7.29.0 /customer-admin/api/customer/894425b4-9141-41d0-9590-177336c0ca76 2022-04-15T18:38:26+05:30 1.2804837s 
GET - [200] ::1 HTTP/1.1 PostmanRuntime/7.29.0 /customer-admin/api/customer/email/ravi@gmail.com 2022-04-15T18:38:30+05:30 278.3633ms 
GET - [404] ::1 HTTP/1.1 PostmanRuntime/7.29.0 /customer-admin/api/customer/email/ravi@gmail.comm 2022-04-15T18:38:34+05:30 280.9709ms 
[GIN-debug] [WARNING] Running in "debug" mode. Switch to "release" mode in production.
 - using env:	export GIN_MODE=release
 - using code:	gin.SetMode(gin.ReleaseMode)

[GIN-debug] GET    /customer-admin/api/      --> qwik.in/customers-admin/app/handlers.HealthCheck (3 handlers)
[GIN-debug] POST   /customer-admin/api/customer --> qwik.in/customers-admin/app/handlers.CreateCustomer (3 handlers)
[GIN-debug] GET    /customer-admin/api/customer/:customerId --> qwik.in/customers-admin/app/handlers.GetCustomerById (3 handlers)
[GIN-debug] GET    /customer-admin/api/customer/email/:customerEmail --> qwik.in/customers-admin/app/handlers.GetCustomerByEmail (3 handlers)
[GIN-debug] PUT    /customer-admin/api/customer/:customerId --> qwik.in/customers-admin/app/handlers.UpdateCustomer (3 handlers)
[GIN-debug] DELETE /customer-admin/api/customer/:customerId --> qwik.in/customers-admin/app/handlers.DeleteCustomer (3 handlers)
[GIN-debug] GET    /customer-admin/api/user  --> qwik.in/customers-admin/app/handlers.GetAdminUsers (3 handlers)
[GIN-debug] POST   /customer-admin/api/user  --> qwik.in/customers-admin/app/handlers.AddAdminUser (3 handlers)
[GIN-debug] [WARNING] You trusted all proxies, this is NOT safe. We recommend you to set a value.
Please check https://pkg.go.dev/github.com/gin-gonic/gin#readme-don-t-trust-all-proxies for details.
[GIN-debug] Listening and serving HTTP on :7000
POST - [400] ::1 HTTP/1.1 PostmanRuntime/7.29.0 /customer-admin/api/customer 2022-04-15T19:22:11+05:30 1.2875005s 
POST - [200] ::1 HTTP/1.1 PostmanRuntime/7.29.0 /customer-admin/api/customer 2022-04-15T19:22:18+05:30 566.8792ms 
[GIN-debug] [WARNING] Running in "debug" mode. Switch to "release" mode in production.
 - using env:	export GIN_MODE=release
 - using code:	gin.SetMode(gin.ReleaseMode)

[GIN-debug] GET    /customer-admin/api/      --> qwik.in/customers-admin/app/handlers.HealthCheck (3 handlers)
[GIN-debug] POST   /customer-admin/api/customer --> qwik.in/customers-admin/app/handlers.CreateCustomer (3 handlers)
[GIN-debug] GET    /customer-admin/api/customer/:customerId --> qwik.in/customers-admin/app/handlers.GetCustomerById (3 handlers)
[GIN-debug] GET    /customer-admin/api/customer/email/:customerEmail --> qwik.in/customers-admin/app/handlers.GetCustomerByEmail (3 handlers)
[GIN-debug] PUT    /customer-admin/api/customer/:customerId --> qwik.in/customers-admin/app/handlers.UpdateCustomer (3 handlers)
[GIN-debug] DELETE /customer-admin/api/customer/:customerId --> qwik.in/customers-admin/app/handlers.DeleteCustomer (3 handlers)
[GIN-debug] GET    /customer-admin/api/user  --> qwik.in/customers-admin/app/handlers.GetAdminUsers (3 handlers)
[GIN-debug] [WARNING] You trusted all proxies, this is NOT safe. We recommend you to set a value.
Please check https://pkg.go.dev/github.com/gin-gonic/gin#readme-don-t-trust-all-proxies for details.
[GIN-debug] Listening and serving HTTP on :7000
GET - [200] ::1 HTTP/1.1 PostmanRuntime/7.29.0 /customer-admin/api/user 2022-04-15T19:39:35+05:30 1.3393329s 
[GIN-debug] [WARNING] Running in "debug" mode. Switch to "release" mode in production.
 - using env:	export GIN_MODE=release
 - using code:	gin.SetMode(gin.ReleaseMode)

[GIN-debug] GET    /customer-admin/api/      --> qwik.in/customers-admin/app/handlers.HealthCheck (3 handlers)
[GIN-debug] POST   /customer-admin/api/customer --> qwik.in/customers-admin/app/handlers.CreateCustomer (3 handlers)
[GIN-debug] GET    /customer-admin/api/customer/:customerId --> qwik.in/customers-admin/app/handlers.GetCustomerById (3 handlers)
[GIN-debug] GET    /customer-admin/api/customer/email/:customerEmail --> qwik.in/customers-admin/app/handlers.GetCustomerByEmail (3 handlers)
[GIN-debug] PUT    /customer-admin/api/customer/:customerId --> qwik.in/customers-admin/app/handlers.UpdateCustomer (3 handlers)
[GIN-debug] DELETE /customer-admin/api/customer/:customerId --> qwik.in/customers-admin/app/handlers.DeleteCustomer (3 handlers)
[GIN-debug] GET    /customer-admin/api/user  --> qwik.in/customers-admin/app/handlers.GetAdminUsers (3 handlers)
[GIN-debug] POST   /customer-admin/api/user  --> qwik.in/customers-admin/app/handlers.AddAdminUser (3 handlers)
[GIN-debug] [WARNING] You trusted all proxies, this is NOT safe. We recommend you to set a value.
Please check https://pkg.go.dev/github.com/gin-gonic/gin#readme-don-t-trust-all-proxies for details.
[GIN-debug] Listening and serving HTTP on :7000
POST - [200] ::1 HTTP/1.1 PostmanRuntime/7.29.0 /customer-admin/api/user 2022-04-15T19:41:03+05:30 1.2608466s 
[GIN-debug] [WARNING] Running in "debug" mode. Switch to "release" mode in production.
 - using env:	export GIN_MODE=release
 - using code:	gin.SetMode(gin.ReleaseMode)

[GIN-debug] GET    /customer-admin/api/      --> qwik.in/customers-admin/app/handlers.HealthCheck (3 handlers)
[GIN-debug] POST   /customer-admin/api/customer --> qwik.in/customers-admin/app/handlers.CreateCustomer (3 handlers)
[GIN-debug] GET    /customer-admin/api/customer/:customerId --> qwik.in/customers-admin/app/handlers.GetCustomerById (3 handlers)
[GIN-debug] GET    /customer-admin/api/customer/email/:customerEmail --> qwik.in/customers-admin/app/handlers.GetCustomerByEmail (3 handlers)
[GIN-debug] PUT    /customer-admin/api/customer/:customerId --> qwik.in/customers-admin/app/handlers.UpdateCustomer (3 handlers)
[GIN-debug] DELETE /customer-admin/api/customer/:customerId --> qwik.in/customers-admin/app/handlers.DeleteCustomer (3 handlers)
[GIN-debug] GET    /customer-admin/api/user  --> qwik.in/customers-admin/app/handlers.GetAdminUsers (3 handlers)
[GIN-debug] POST   /customer-admin/api/user  --> qwik.in/customers-admin/app/handlers.AddAdminUser (3 handlers)
[GIN-debug] [WARNING] You trusted all proxies, this is NOT safe. We recommend you to set a value.
Please check https://pkg.go.dev/github.com/gin-gonic/gin#readme-don-t-trust-all-proxies for details.
[GIN-debug] Listening and serving HTTP on :7000
POST - [200] ::1 HTTP/1.1 PostmanRuntime/7.29.0 /customer-admin/api/user 2022-04-15T19:42:05+05:30 1.3492365s 
POST - [200] ::1 HTTP/1.1 PostmanRuntime/7.29.0 /customer-admin/api/user 2022-04-15T19:44:07+05:30 1.1879061s 
[GIN-debug] [WARNING] Running in "debug" mode. Switch to "release" mode in production.
 - using env:	export GIN_MODE=release
 - using code:	gin.SetMode(gin.ReleaseMode)

[GIN-debug] GET    /customer-admin/api/      --> qwik.in/customers-admin/app/handlers.HealthCheck (3 handlers)
[GIN-debug] POST   /customer-admin/api/customer --> qwik.in/customers-admin/app/handlers.CreateCustomer (3 handlers)
[GIN-debug] GET    /customer-admin/api/customer/:customerId --> qwik.in/customers-admin/app/handlers.GetCustomerById (3 handlers)
[GIN-debug] GET    /customer-admin/api/customer/email/:customerEmail --> qwik.in/customers-admin/app/handlers.GetCustomerByEmail (3 handlers)
[GIN-debug] PUT    /customer-admin/api/customer/:customerId --> qwik.in/customers-admin/app/handlers.UpdateCustomer (3 handlers)
[GIN-debug] DELETE /customer-admin/api/customer/:customerId --> qwik.in/customers-admin/app/handlers.DeleteCustomer (3 handlers)
[GIN-debug] GET    /customer-admin/api/user  --> qwik.in/customers-admin/app/handlers.GetAdminUsers (3 handlers)
[GIN-debug] POST   /customer-admin/api/user  --> qwik.in/customers-admin/app/handlers.AddAdminUser (3 handlers)
[GIN-debug] [WARNING] You trusted all proxies, this is NOT safe. We recommend you to set a value.
Please check https://pkg.go.dev/github.com/gin-gonic/gin#readme-don-t-trust-all-proxies for details.
[GIN-debug] Listening and serving HTTP on :7000
POST - [200] ::1 HTTP/1.1 PostmanRuntime/7.29.0 /customer-admin/api/user 2022-04-15T19:44:32+05:30 1.2632632s 
GET - [200] ::1 HTTP/1.1 PostmanRuntime/7.29.0 /customer-admin/api/user 2022-04-15T19:44:49+05:30 273.4062ms 
GET - [200] ::1 HTTP/1.1 PostmanRuntime/7.29.0 /customer-admin/api/user 2022-04-15T19:55:35+05:30 1.2010046s 
POST - [200] ::1 HTTP/1.1 PostmanRuntime/7.29.0 /customer-admin/api/user 2022-04-15T19:55:48+05:30 271.3672ms 
