GET - [200] ::1 HTTP/1.1 Mozilla/5.0 (Windows NT 10.0; Win64; x64) AppleWebKit/537.36 (KHTML, like Gecko) Chrome/100.0.4896.88 Safari/537.36 /shipping/api/ 2022-04-16T16:02:56+05:30 337.4904ms 
📛ERROR: 2022/04/16 16:07:18 [Got error calling CreateTable: %s ResourceInUseException: Table already exists: shippingAddressCollection6]
GET - [200] ::1 HTTP/1.1 PostmanRuntime/7.29.0 /shipping/api/ 2022-04-16T16:07:22+05:30 307.9407ms 
GET - [200] ::1 HTTP/1.1 PostmanRuntime/7.29.0 /shipping/api/swagger/index.html 2022-04-16T16:07:25+05:30 0s 
GET - [200] ::1 HTTP/1.1 Mozilla/5.0 (Windows NT 10.0; Win64; x64) AppleWebKit/537.36 (KHTML, like Gecko) Chrome/100.0.4896.88 Safari/537.36 /shipping/api/ 2022-04-16T16:07:53+05:30 343.6535ms 
GET - [200] ::1 HTTP/1.1 Mozilla/5.0 (Windows NT 10.0; Win64; x64) AppleWebKit/537.36 (KHTML, like Gecko) Chrome/100.0.4896.88 Safari/537.36 /shipping/api/swagger/index.html 2022-04-16T16:07:58+05:30 341.9µs 
GET - [200] ::1 HTTP/1.1 Mozilla/5.0 (Windows NT 10.0; Win64; x64) AppleWebKit/537.36 (KHTML, like Gecko) Chrome/100.0.4896.88 Safari/537.36 /shipping/api/swagger/swagger-ui.css 2022-04-16T16:07:58+05:30 3.6293ms 
GET - [200] ::1 HTTP/1.1 Mozilla/5.0 (Windows NT 10.0; Win64; x64) AppleWebKit/537.36 (KHTML, like Gecko) Chrome/100.0.4896.88 Safari/537.36 /shipping/api/swagger/swagger-ui-standalone-preset.js 2022-04-16T16:07:58+05:30 2.6534ms 
GET - [200] ::1 HTTP/1.1 Mozilla/5.0 (Windows NT 10.0; Win64; x64) AppleWebKit/537.36 (KHTML, like Gecko) Chrome/100.0.4896.88 Safari/537.36 /shipping/api/swagger/swagger-ui-bundle.js 2022-04-16T16:07:58+05:30 13.9356ms 
GET - [500] ::1 HTTP/1.1 Mozilla/5.0 (Windows NT 10.0; Win64; x64) AppleWebKit/537.36 (KHTML, like Gecko) Chrome/100.0.4896.88 Safari/537.36 /shipping/api/swagger/doc.json 2022-04-16T16:07:59+05:30 0s 
📛ERROR: 2022/04/16 16:09:54 [Got error calling CreateTable: %s ResourceInUseException: Table already exists: shippingAddressCollection6]
GET - [404] ::1 HTTP/1.1 Mozilla/5.0 (Windows NT 10.0; Win64; x64) AppleWebKit/537.36 (KHTML, like Gecko) Chrome/100.0.4896.88 Safari/537.36 /swagger/doc.json 2022-04-16T16:10:12+05:30 0s 
📛ERROR: 2022/04/16 16:10:53 [Got error calling CreateTable: %s ResourceInUseException: Table already exists: shippingAddressCollection6]
📛ERROR: 2022/04/16 16:11:01 [Got error calling CreateTable: %s ResourceInUseException: Table already exists: shippingAddressCollection6]
GET - [404] ::1 HTTP/1.1 Mozilla/5.0 (Windows NT 10.0; Win64; x64) AppleWebKit/537.36 (KHTML, like Gecko) Chrome/100.0.4896.88 Safari/537.36 /shipping/api/hello/swagger 2022-04-16T16:11:15+05:30 0s 
GET - [404] ::1 HTTP/1.1 Mozilla/5.0 (Windows NT 10.0; Win64; x64) AppleWebKit/537.36 (KHTML, like Gecko) Chrome/100.0.4896.88 Safari/537.36 /shipping/api/swagger/ 2022-04-16T16:11:18+05:30 0s 
GET - [200] ::1 HTTP/1.1 Mozilla/5.0 (Windows NT 10.0; Win64; x64) AppleWebKit/537.36 (KHTML, like Gecko) Chrome/100.0.4896.88 Safari/537.36 /shipping/api/swagger/index.html 2022-04-16T16:11:21+05:30 90.8µs 
GET - [200] ::1 HTTP/1.1 Mozilla/5.0 (Windows NT 10.0; Win64; x64) AppleWebKit/537.36 (KHTML, like Gecko) Chrome/100.0.4896.88 Safari/537.36 /shipping/api/swagger/swagger-ui.css 2022-04-16T16:11:21+05:30 871.9µs 
GET - [200] ::1 HTTP/1.1 Mozilla/5.0 (Windows NT 10.0; Win64; x64) AppleWebKit/537.36 (KHTML, like Gecko) Chrome/100.0.4896.88 Safari/537.36 /shipping/api/swagger/swagger-ui-bundle.js 2022-04-16T16:11:21+05:30 510.3µs 
GET - [200] ::1 HTTP/1.1 Mozilla/5.0 (Windows NT 10.0; Win64; x64) AppleWebKit/537.36 (KHTML, like Gecko) Chrome/100.0.4896.88 Safari/537.36 /shipping/api/swagger/swagger-ui-standalone-preset.js 2022-04-16T16:11:21+05:30 147.4µs 
GET - [404] ::1 HTTP/1.1 Mozilla/5.0 (Windows NT 10.0; Win64; x64) AppleWebKit/537.36 (KHTML, like Gecko) Chrome/100.0.4896.88 Safari/537.36 /hello 2022-04-16T16:11:21+05:30 0s 
📛ERROR: 2022/04/16 16:11:44 [Got error calling CreateTable: %s ResourceInUseException: Table already exists: shippingAddressCollection6]
GET - [200] ::1 HTTP/1.1 Mozilla/5.0 (Windows NT 10.0; Win64; x64) AppleWebKit/537.36 (KHTML, like Gecko) Chrome/100.0.4896.88 Safari/537.36 /shipping/api/swagger/index.html 2022-04-16T16:11:46+05:30 768.5µs 
GET - [200] ::1 HTTP/1.1 Mozilla/5.0 (Windows NT 10.0; Win64; x64) AppleWebKit/537.36 (KHTML, like Gecko) Chrome/100.0.4896.88 Safari/537.36 /shipping/api/swagger/swagger-ui.css 2022-04-16T16:11:46+05:30 1.0063ms 
GET - [200] ::1 HTTP/1.1 Mozilla/5.0 (Windows NT 10.0; Win64; x64) AppleWebKit/537.36 (KHTML, like Gecko) Chrome/100.0.4896.88 Safari/537.36 /shipping/api/swagger/swagger-ui-bundle.js 2022-04-16T16:11:46+05:30 3.0175ms 
GET - [200] ::1 HTTP/1.1 Mozilla/5.0 (Windows NT 10.0; Win64; x64) AppleWebKit/537.36 (KHTML, like Gecko) Chrome/100.0.4896.88 Safari/537.36 /shipping/api/swagger/swagger-ui-standalone-preset.js 2022-04-16T16:11:46+05:30 1.2366ms 
GET - [404] ::1 HTTP/1.1 Mozilla/5.0 (Windows NT 10.0; Win64; x64) AppleWebKit/537.36 (KHTML, like Gecko) Chrome/100.0.4896.88 Safari/537.36 /shipping/api/swagger/swagger.json 2022-04-16T16:11:46+05:30 0s 
GET - [200] ::1 HTTP/1.1 Mozilla/5.0 (Windows NT 10.0; Win64; x64) AppleWebKit/537.36 (KHTML, like Gecko) Chrome/100.0.4896.88 Safari/537.36 /shipping/api/swagger/favicon-32x32.png 2022-04-16T16:11:46+05:30 0s 
📛ERROR: 2022/04/16 16:14:33 [Got error calling CreateTable: %s ResourceInUseException: Table already exists: shippingAddressCollection6]
GET - [404] ::1 HTTP/1.1 Mozilla/5.0 (Windows NT 10.0; Win64; x64) AppleWebKit/537.36 (KHTML, like Gecko) Chrome/100.0.4896.88 Safari/537.36 /shipping/api/swagger/index.html 2022-04-16T16:14:38+05:30 0s 
GET - [404] ::1 HTTP/1.1 Mozilla/5.0 (Windows NT 10.0; Win64; x64) AppleWebKit/537.36 (KHTML, like Gecko) Chrome/100.0.4896.88 Safari/537.36 /shipping/api/swagger/index.html 2022-04-16T16:14:39+05:30 0s 
GET - [404] ::1 HTTP/1.1 Mozilla/5.0 (Windows NT 10.0; Win64; x64) AppleWebKit/537.36 (KHTML, like Gecko) Chrome/100.0.4896.88 Safari/537.36 /shipping/api/swagger/index.html 2022-04-16T16:14:39+05:30 0s 
GET - [404] ::1 HTTP/1.1 Mozilla/5.0 (Windows NT 10.0; Win64; x64) AppleWebKit/537.36 (KHTML, like Gecko) Chrome/100.0.4896.88 Safari/537.36 /shipping/api/swagger/index.html 2022-04-16T16:14:41+05:30 0s 
GET - [200] ::1 HTTP/1.1 Mozilla/5.0 (Windows NT 10.0; Win64; x64) AppleWebKit/537.36 (KHTML, like Gecko) Chrome/100.0.4896.88 Safari/537.36 /shipping/api/docs/index.html 2022-04-16T16:14:44+05:30 288.9µs 
GET - [200] ::1 HTTP/1.1 Mozilla/5.0 (Windows NT 10.0; Win64; x64) AppleWebKit/537.36 (KHTML, like Gecko) Chrome/100.0.4896.88 Safari/537.36 /shipping/api/docs/swagger-ui.css 2022-04-16T16:14:44+05:30 1.0072ms 
GET - [200] ::1 HTTP/1.1 Mozilla/5.0 (Windows NT 10.0; Win64; x64) AppleWebKit/537.36 (KHTML, like Gecko) Chrome/100.0.4896.88 Safari/537.36 /shipping/api/docs/swagger-ui-standalone-preset.js 2022-04-16T16:14:44+05:30 609.9µs 
GET - [200] ::1 HTTP/1.1 Mozilla/5.0 (Windows NT 10.0; Win64; x64) AppleWebKit/537.36 (KHTML, like Gecko) Chrome/100.0.4896.88 Safari/537.36 /shipping/api/docs/swagger-ui-bundle.js 2022-04-16T16:14:44+05:30 9.2324ms 
GET - [500] ::1 HTTP/1.1 Mozilla/5.0 (Windows NT 10.0; Win64; x64) AppleWebKit/537.36 (KHTML, like Gecko) Chrome/100.0.4896.88 Safari/537.36 /shipping/api/docs/doc.json 2022-04-16T16:14:44+05:30 0s 
GET - [200] ::1 HTTP/1.1 Mozilla/5.0 (Windows NT 10.0; Win64; x64) AppleWebKit/537.36 (KHTML, like Gecko) Chrome/100.0.4896.88 Safari/537.36 /shipping/api/docs/favicon-32x32.png 2022-04-16T16:14:44+05:30 0s 
GET - [200] ::1 HTTP/1.1 Mozilla/5.0 (Windows NT 10.0; Win64; x64) AppleWebKit/537.36 (KHTML, like Gecko) Chrome/100.0.4896.88 Safari/537.36 /shipping/api/docs/index.html 2022-04-16T16:15:17+05:30 209.9µs 
GET - [404] ::1 HTTP/1.1 Mozilla/5.0 (Windows NT 10.0; Win64; x64) AppleWebKit/537.36 (KHTML, like Gecko) Chrome/100.0.4896.88 Safari/537.36 /shipping/api/docs/swagger.json 2022-04-16T16:16:04+05:30 59.7µs 
GET - [500] ::1 HTTP/1.1 Mozilla/5.0 (Windows NT 10.0; Win64; x64) AppleWebKit/537.36 (KHTML, like Gecko) Chrome/100.0.4896.88 Safari/537.36 /shipping/api/docs/doc.json 2022-04-16T16:16:09+05:30 0s 
GET - [404] ::1 HTTP/1.1 Mozilla/5.0 (Windows NT 10.0; Win64; x64) AppleWebKit/537.36 (KHTML, like Gecko) Chrome/100.0.4896.88 Safari/537.36 /shipping/api/docs/docs.json 2022-04-16T16:16:14+05:30 0s 
GET - [404] ::1 HTTP/1.1 Mozilla/5.0 (Windows NT 10.0; Win64; x64) AppleWebKit/537.36 (KHTML, like Gecko) Chrome/100.0.4896.88 Safari/537.36 /shipping/api/docs/swagger.yaml 2022-04-16T16:16:20+05:30 0s 
